<?xml version="1.0" encoding="UTF-8"?>
<testsuite name="com.mindex.challenge.service.impl.ReportingStructureServiceImplTest" tests="8" skipped="0" failures="0" errors="0" timestamp="2022-06-01T03:55:08" hostname="esmacmini2019.lan" time="0.024">
  <properties/>
  <testcase name="testGetReportingStructure_incompleteHierarchy" classname="com.mindex.challenge.service.impl.ReportingStructureServiceImplTest" time="0.003"/>
  <testcase name="testGetReportingStructure_twoLevelsOfReports" classname="com.mindex.challenge.service.impl.ReportingStructureServiceImplTest" time="0.002"/>
  <testcase name="testGetReportingStructure_withCycle" classname="com.mindex.challenge.service.impl.ReportingStructureServiceImplTest" time="0.003"/>
  <testcase name="testGetReportingStructure_badString" classname="com.mindex.challenge.service.impl.ReportingStructureServiceImplTest" time="0.003"/>
  <testcase name="testGetReportingStructure_noReports" classname="com.mindex.challenge.service.impl.ReportingStructureServiceImplTest" time="0.003"/>
  <testcase name="testGetReportingStructure_emptyString" classname="com.mindex.challenge.service.impl.ReportingStructureServiceImplTest" time="0.001"/>
  <testcase name="testGetReportingStructure_null" classname="com.mindex.challenge.service.impl.ReportingStructureServiceImplTest" time="0.002"/>
  <testcase name="testGetReportingStructure_oneLevelOfReports" classname="com.mindex.challenge.service.impl.ReportingStructureServiceImplTest" time="0.002"/>
  <system-out><![CDATA[2022-05-31 23:55:08.006  INFO 2522 --- [    Test worker] .b.t.c.SpringBootTestContextBootstrapper : Neither @ContextConfiguration nor @ContextHierarchy found for test class [com.mindex.challenge.service.impl.ReportingStructureServiceImplTest], using SpringBootContextLoader
2022-05-31 23:55:08.006  INFO 2522 --- [    Test worker] o.s.t.c.support.AbstractContextLoader    : Could not detect default resource locations for test class [com.mindex.challenge.service.impl.ReportingStructureServiceImplTest]: no resource found for suffixes {-context.xml, Context.groovy}.
2022-05-31 23:55:08.007  INFO 2522 --- [    Test worker] t.c.s.AnnotationConfigContextLoaderUtils : Could not detect default configuration classes for test class [com.mindex.challenge.service.impl.ReportingStructureServiceImplTest]: ReportingStructureServiceImplTest does not declare any static, non-private, non-final, nested classes annotated with @Configuration.
2022-05-31 23:55:08.007  INFO 2522 --- [    Test worker] .b.t.c.SpringBootTestContextBootstrapper : Found @SpringBootConfiguration com.mindex.challenge.ChallengeApplication for test class com.mindex.challenge.service.impl.ReportingStructureServiceImplTest
2022-05-31 23:55:08.008  INFO 2522 --- [    Test worker] .b.t.c.SpringBootTestContextBootstrapper : Loaded default TestExecutionListener class names from location [META-INF/spring.factories]: [org.springframework.boot.test.autoconfigure.restdocs.RestDocsTestExecutionListener, org.springframework.boot.test.autoconfigure.web.client.MockRestServiceServerResetTestExecutionListener, org.springframework.boot.test.autoconfigure.web.servlet.MockMvcPrintOnlyOnFailureTestExecutionListener, org.springframework.boot.test.autoconfigure.web.servlet.WebDriverTestExecutionListener, org.springframework.boot.test.mock.mockito.MockitoTestExecutionListener, org.springframework.boot.test.mock.mockito.ResetMocksTestExecutionListener, org.springframework.test.context.web.ServletTestExecutionListener, org.springframework.test.context.support.DirtiesContextBeforeModesTestExecutionListener, org.springframework.test.context.support.DependencyInjectionTestExecutionListener, org.springframework.test.context.support.DirtiesContextTestExecutionListener, org.springframework.test.context.transaction.TransactionalTestExecutionListener, org.springframework.test.context.jdbc.SqlScriptsTestExecutionListener, org.springframework.test.context.event.EventPublishingTestExecutionListener]
2022-05-31 23:55:08.008  INFO 2522 --- [    Test worker] .b.t.c.SpringBootTestContextBootstrapper : Using TestExecutionListeners: [org.springframework.test.context.web.ServletTestExecutionListener@13e71f21, org.springframework.test.context.support.DirtiesContextBeforeModesTestExecutionListener@723eba16, org.springframework.boot.test.mock.mockito.MockitoTestExecutionListener@3d3f0c20, org.springframework.boot.test.autoconfigure.SpringBootDependencyInjectionTestExecutionListener@d012a61, org.springframework.test.context.support.DirtiesContextTestExecutionListener@26b432f7, org.springframework.test.context.transaction.TransactionalTestExecutionListener@21ddd23d, org.springframework.test.context.jdbc.SqlScriptsTestExecutionListener@6446942a, org.springframework.test.context.event.EventPublishingTestExecutionListener@6090e8e1, org.springframework.boot.test.autoconfigure.restdocs.RestDocsTestExecutionListener@67345d8e, org.springframework.boot.test.autoconfigure.web.client.MockRestServiceServerResetTestExecutionListener@2837276f, org.springframework.boot.test.autoconfigure.web.servlet.MockMvcPrintOnlyOnFailureTestExecutionListener@78800187, org.springframework.boot.test.autoconfigure.web.servlet.WebDriverTestExecutionListener@1f303996, org.springframework.boot.test.mock.mockito.ResetMocksTestExecutionListener@5a2dcfd3]
2022-05-31 23:55:08.012 DEBUG 2522 --- [    Test worker] c.m.c.s.i.ReportingStructureServiceImpl  : Getting reporting structure for employee [1]
2022-05-31 23:55:08.016 DEBUG 2522 --- [    Test worker] c.m.c.s.i.ReportingStructureServiceImpl  : Getting reporting structure for employee [1]
2022-05-31 23:55:08.019 DEBUG 2522 --- [    Test worker] c.m.c.s.i.ReportingStructureServiceImpl  : Getting reporting structure for employee [1]
2022-05-31 23:55:08.022 DEBUG 2522 --- [    Test worker] c.m.c.s.i.ReportingStructureServiceImpl  : Getting reporting structure for employee [abcd]
2022-05-31 23:55:08.025 DEBUG 2522 --- [    Test worker] c.m.c.s.i.ReportingStructureServiceImpl  : Getting reporting structure for employee [4]
2022-05-31 23:55:08.028 DEBUG 2522 --- [    Test worker] c.m.c.s.i.ReportingStructureServiceImpl  : Getting reporting structure for employee []
2022-05-31 23:55:08.031 DEBUG 2522 --- [    Test worker] c.m.c.s.i.ReportingStructureServiceImpl  : Getting reporting structure for employee [null]
2022-05-31 23:55:08.034 DEBUG 2522 --- [    Test worker] c.m.c.s.i.ReportingStructureServiceImpl  : Getting reporting structure for employee [3]
]]></system-out>
  <system-err><![CDATA[]]></system-err>
</testsuite>
