<?xml version="1.0" encoding="UTF-8"?>
<testsuite name="com.mindex.challenge.service.impl.EmployeeServiceImplTest" tests="1" skipped="0" failures="0" errors="0" timestamp="2022-06-01T03:55:08" hostname="esmacmini2019.lan" time="0.016">
  <properties/>
  <testcase name="testCreateReadUpdate" classname="com.mindex.challenge.service.impl.EmployeeServiceImplTest" time="0.016"/>
  <system-out><![CDATA[2022-05-31 23:55:08.035  INFO 2522 --- [    Test worker] .b.t.c.SpringBootTestContextBootstrapper : Neither @ContextConfiguration nor @ContextHierarchy found for test class [com.mindex.challenge.service.impl.EmployeeServiceImplTest], using SpringBootContextLoader
2022-05-31 23:55:08.036  INFO 2522 --- [    Test worker] o.s.t.c.support.AbstractContextLoader    : Could not detect default resource locations for test class [com.mindex.challenge.service.impl.EmployeeServiceImplTest]: no resource found for suffixes {-context.xml, Context.groovy}.
2022-05-31 23:55:08.036  INFO 2522 --- [    Test worker] t.c.s.AnnotationConfigContextLoaderUtils : Could not detect default configuration classes for test class [com.mindex.challenge.service.impl.EmployeeServiceImplTest]: EmployeeServiceImplTest does not declare any static, non-private, non-final, nested classes annotated with @Configuration.
2022-05-31 23:55:08.037  INFO 2522 --- [    Test worker] .b.t.c.SpringBootTestContextBootstrapper : Found @SpringBootConfiguration com.mindex.challenge.ChallengeApplication for test class com.mindex.challenge.service.impl.EmployeeServiceImplTest
2022-05-31 23:55:08.038  INFO 2522 --- [    Test worker] .b.t.c.SpringBootTestContextBootstrapper : Loaded default TestExecutionListener class names from location [META-INF/spring.factories]: [org.springframework.boot.test.autoconfigure.restdocs.RestDocsTestExecutionListener, org.springframework.boot.test.autoconfigure.web.client.MockRestServiceServerResetTestExecutionListener, org.springframework.boot.test.autoconfigure.web.servlet.MockMvcPrintOnlyOnFailureTestExecutionListener, org.springframework.boot.test.autoconfigure.web.servlet.WebDriverTestExecutionListener, org.springframework.boot.test.mock.mockito.MockitoTestExecutionListener, org.springframework.boot.test.mock.mockito.ResetMocksTestExecutionListener, org.springframework.test.context.web.ServletTestExecutionListener, org.springframework.test.context.support.DirtiesContextBeforeModesTestExecutionListener, org.springframework.test.context.support.DependencyInjectionTestExecutionListener, org.springframework.test.context.support.DirtiesContextTestExecutionListener, org.springframework.test.context.transaction.TransactionalTestExecutionListener, org.springframework.test.context.jdbc.SqlScriptsTestExecutionListener, org.springframework.test.context.event.EventPublishingTestExecutionListener]
2022-05-31 23:55:08.038  INFO 2522 --- [    Test worker] .b.t.c.SpringBootTestContextBootstrapper : Using TestExecutionListeners: [org.springframework.test.context.web.ServletTestExecutionListener@26806ac8, org.springframework.test.context.support.DirtiesContextBeforeModesTestExecutionListener@ffcced5, org.springframework.boot.test.mock.mockito.MockitoTestExecutionListener@3cb0e6af, org.springframework.boot.test.autoconfigure.SpringBootDependencyInjectionTestExecutionListener@6ec6a5a7, org.springframework.test.context.support.DirtiesContextTestExecutionListener@4b35549d, org.springframework.test.context.transaction.TransactionalTestExecutionListener@22d6b148, org.springframework.test.context.jdbc.SqlScriptsTestExecutionListener@1968ae23, org.springframework.test.context.event.EventPublishingTestExecutionListener@42d8db34, org.springframework.boot.test.autoconfigure.restdocs.RestDocsTestExecutionListener@23a8fe4e, org.springframework.boot.test.autoconfigure.web.client.MockRestServiceServerResetTestExecutionListener@34634782, org.springframework.boot.test.autoconfigure.web.servlet.MockMvcPrintOnlyOnFailureTestExecutionListener@6826ee9b, org.springframework.boot.test.autoconfigure.web.servlet.WebDriverTestExecutionListener@6ca399d0, org.springframework.boot.test.mock.mockito.ResetMocksTestExecutionListener@81d5084]
2022-05-31 23:55:08.043 DEBUG 2522 --- [o-auto-1-exec-5] c.m.c.controller.EmployeeController      : Received employee create request for [com.mindex.challenge.data.Employee@718a0d5f]
2022-05-31 23:55:08.044 DEBUG 2522 --- [o-auto-1-exec-5] c.m.c.service.impl.EmployeeServiceImpl   : Creating employee [com.mindex.challenge.data.Employee@718a0d5f]
2022-05-31 23:55:08.048 DEBUG 2522 --- [o-auto-1-exec-6] c.m.c.controller.EmployeeController      : Received employee create request for id [b4364359-ca98-479a-a1bb-83cb9f8966f6]
2022-05-31 23:55:08.049 DEBUG 2522 --- [o-auto-1-exec-6] c.m.c.service.impl.EmployeeServiceImpl   : Reading employee with id [b4364359-ca98-479a-a1bb-83cb9f8966f6]
2022-05-31 23:55:08.053 DEBUG 2522 --- [o-auto-1-exec-7] c.m.c.controller.EmployeeController      : Received employee create request for id [b4364359-ca98-479a-a1bb-83cb9f8966f6] and employee [com.mindex.challenge.data.Employee@69c8bb0c]
2022-05-31 23:55:08.053 DEBUG 2522 --- [o-auto-1-exec-7] c.m.c.service.impl.EmployeeServiceImpl   : Updating employee [com.mindex.challenge.data.Employee@69c8bb0c]
]]></system-out>
  <system-err><![CDATA[]]></system-err>
</testsuite>
