<?xml version="1.0" encoding="UTF-8"?>
<testsuite name="com.mindex.challenge.integration.CompensationIntegrationTest" tests="8" skipped="0" failures="0" errors="0" timestamp="2022-06-01T03:55:07" hostname="esmacmini2019.lan" time="0.184">
  <properties/>
  <testcase name="testBadReadRequest_badEmployeeId" classname="com.mindex.challenge.integration.CompensationIntegrationTest" time="0.014"/>
  <testcase name="testBadCreateRequest_missingFieldEffectiveDate" classname="com.mindex.challenge.integration.CompensationIntegrationTest" time="0.067"/>
  <testcase name="testCreateReadCreateRead" classname="com.mindex.challenge.integration.CompensationIntegrationTest" time="0.047"/>
  <testcase name="testBadCreateRequest_nullEmployee" classname="com.mindex.challenge.integration.CompensationIntegrationTest" time="0.01"/>
  <testcase name="testBadCreateRequest_missingFieldCurrencyUnit" classname="com.mindex.challenge.integration.CompensationIntegrationTest" time="0.006"/>
  <testcase name="testBadCreateRequest_emptyFieldCurrencyUnit" classname="com.mindex.challenge.integration.CompensationIntegrationTest" time="0.007"/>
  <testcase name="testBadCreateRequest_missingFieldSalary" classname="com.mindex.challenge.integration.CompensationIntegrationTest" time="0.008"/>
  <testcase name="testCreateReadUpdate" classname="com.mindex.challenge.integration.CompensationIntegrationTest" time="0.018"/>
  <system-out><![CDATA[2022-05-31 23:55:07.050  INFO 2522 --- [    Test worker] .b.t.c.SpringBootTestContextBootstrapper : Neither @ContextConfiguration nor @ContextHierarchy found for test class [com.mindex.challenge.integration.CompensationIntegrationTest], using SpringBootContextLoader
2022-05-31 23:55:07.051  INFO 2522 --- [    Test worker] o.s.t.c.support.AbstractContextLoader    : Could not detect default resource locations for test class [com.mindex.challenge.integration.CompensationIntegrationTest]: no resource found for suffixes {-context.xml, Context.groovy}.
2022-05-31 23:55:07.051  INFO 2522 --- [    Test worker] t.c.s.AnnotationConfigContextLoaderUtils : Could not detect default configuration classes for test class [com.mindex.challenge.integration.CompensationIntegrationTest]: CompensationIntegrationTest does not declare any static, non-private, non-final, nested classes annotated with @Configuration.
2022-05-31 23:55:07.052  INFO 2522 --- [    Test worker] .b.t.c.SpringBootTestContextBootstrapper : Found @SpringBootConfiguration com.mindex.challenge.ChallengeApplication for test class com.mindex.challenge.integration.CompensationIntegrationTest
2022-05-31 23:55:07.053  INFO 2522 --- [    Test worker] .b.t.c.SpringBootTestContextBootstrapper : Loaded default TestExecutionListener class names from location [META-INF/spring.factories]: [org.springframework.boot.test.autoconfigure.restdocs.RestDocsTestExecutionListener, org.springframework.boot.test.autoconfigure.web.client.MockRestServiceServerResetTestExecutionListener, org.springframework.boot.test.autoconfigure.web.servlet.MockMvcPrintOnlyOnFailureTestExecutionListener, org.springframework.boot.test.autoconfigure.web.servlet.WebDriverTestExecutionListener, org.springframework.boot.test.mock.mockito.MockitoTestExecutionListener, org.springframework.boot.test.mock.mockito.ResetMocksTestExecutionListener, org.springframework.test.context.web.ServletTestExecutionListener, org.springframework.test.context.support.DirtiesContextBeforeModesTestExecutionListener, org.springframework.test.context.support.DependencyInjectionTestExecutionListener, org.springframework.test.context.support.DirtiesContextTestExecutionListener, org.springframework.test.context.transaction.TransactionalTestExecutionListener, org.springframework.test.context.jdbc.SqlScriptsTestExecutionListener, org.springframework.test.context.event.EventPublishingTestExecutionListener]
2022-05-31 23:55:07.053  INFO 2522 --- [    Test worker] .b.t.c.SpringBootTestContextBootstrapper : Using TestExecutionListeners: [org.springframework.test.context.web.ServletTestExecutionListener@1bf835f, org.springframework.test.context.support.DirtiesContextBeforeModesTestExecutionListener@67047bd4, org.springframework.boot.test.mock.mockito.MockitoTestExecutionListener@185c4f30, org.springframework.boot.test.autoconfigure.SpringBootDependencyInjectionTestExecutionListener@4b9913b6, org.springframework.test.context.support.DirtiesContextTestExecutionListener@36c1d4e1, org.springframework.test.context.transaction.TransactionalTestExecutionListener@725fd336, org.springframework.test.context.jdbc.SqlScriptsTestExecutionListener@8803782, org.springframework.test.context.event.EventPublishingTestExecutionListener@b878187, org.springframework.boot.test.autoconfigure.restdocs.RestDocsTestExecutionListener@33d92aca, org.springframework.boot.test.autoconfigure.web.client.MockRestServiceServerResetTestExecutionListener@3f9399e4, org.springframework.boot.test.autoconfigure.web.servlet.MockMvcPrintOnlyOnFailureTestExecutionListener@362685b3, org.springframework.boot.test.autoconfigure.web.servlet.WebDriverTestExecutionListener@11aa149, org.springframework.boot.test.mock.mockito.ResetMocksTestExecutionListener@7bef54da]
2022-05-31 23:55:07.064 DEBUG 2522 --- [o-auto-1-exec-1] c.m.c.controller.CompensationController  : Received compensation read request for [123]
2022-05-31 23:55:07.064 DEBUG 2522 --- [o-auto-1-exec-1] c.m.c.s.impl.CompensationServiceImpl     : Reading compensation with employee id [123]
2022-05-31 23:55:07.128  WARN 2522 --- [o-auto-1-exec-2] .w.s.m.s.DefaultHandlerExceptionResolver : Resolved [org.springframework.web.bind.MethodArgumentNotValidException: Validation failed for argument [0] in public com.mindex.challenge.data.Compensation com.mindex.challenge.controller.CompensationController.create(com.mindex.challenge.data.Compensation) throws com.mindex.challenge.exceptions.EmployeeException,com.mindex.challenge.exceptions.CompensationException: [Field error in object 'compensation' on field 'effectiveDate': rejected value [null]; codes [NotNull.compensation.effectiveDate,NotNull.effectiveDate,NotNull.java.util.Date,NotNull]; arguments [org.springframework.context.support.DefaultMessageSourceResolvable: codes [compensation.effectiveDate,effectiveDate]; arguments []; default message [effectiveDate]]; default message [Effective date is a mandatory field]] ]
2022-05-31 23:55:07.144 DEBUG 2522 --- [o-auto-1-exec-3] c.m.c.controller.EmployeeController      : Received employee create request for [com.mindex.challenge.data.Employee@3efbb5e1]
2022-05-31 23:55:07.144 DEBUG 2522 --- [o-auto-1-exec-3] c.m.c.service.impl.EmployeeServiceImpl   : Creating employee [com.mindex.challenge.data.Employee@3efbb5e1]
2022-05-31 23:55:07.150 DEBUG 2522 --- [o-auto-1-exec-4] c.m.c.controller.CompensationController  : Received compensation create request for [com.mindex.challenge.data.Compensation@293653f1]
2022-05-31 23:55:07.150 DEBUG 2522 --- [o-auto-1-exec-4] c.m.c.s.impl.CompensationServiceImpl     : Creating compensation [com.mindex.challenge.data.Compensation@293653f1]
2022-05-31 23:55:07.150 DEBUG 2522 --- [o-auto-1-exec-4] c.m.c.service.impl.EmployeeServiceImpl   : Reading employee with id [4b85f8f6-cca5-4749-ba59-9dddefc6056b]
2022-05-31 23:55:07.160  INFO 2522 --- [-server-worker2] d.b.mongo.backend.AbstractMongoDatabase  : adding unique _id index for collection compensation
2022-05-31 23:55:07.161  INFO 2522 --- [-server-worker2] d.b.mongo.backend.AbstractMongoDatabase  : created collection test.compensation
2022-05-31 23:55:07.166 DEBUG 2522 --- [o-auto-1-exec-5] c.m.c.controller.CompensationController  : Received compensation read request for [4b85f8f6-cca5-4749-ba59-9dddefc6056b]
2022-05-31 23:55:07.166 DEBUG 2522 --- [o-auto-1-exec-5] c.m.c.s.impl.CompensationServiceImpl     : Reading compensation with employee id [4b85f8f6-cca5-4749-ba59-9dddefc6056b]
2022-05-31 23:55:07.175 DEBUG 2522 --- [o-auto-1-exec-6] c.m.c.controller.CompensationController  : Received compensation create request for [com.mindex.challenge.data.Compensation@1a545eb9]
2022-05-31 23:55:07.176 DEBUG 2522 --- [o-auto-1-exec-6] c.m.c.s.impl.CompensationServiceImpl     : Creating compensation [com.mindex.challenge.data.Compensation@1a545eb9]
2022-05-31 23:55:07.176 DEBUG 2522 --- [o-auto-1-exec-6] c.m.c.service.impl.EmployeeServiceImpl   : Reading employee with id [4b85f8f6-cca5-4749-ba59-9dddefc6056b]
2022-05-31 23:55:07.181 DEBUG 2522 --- [o-auto-1-exec-7] c.m.c.controller.CompensationController  : Received compensation read request for [4b85f8f6-cca5-4749-ba59-9dddefc6056b]
2022-05-31 23:55:07.182 DEBUG 2522 --- [o-auto-1-exec-7] c.m.c.s.impl.CompensationServiceImpl     : Reading compensation with employee id [4b85f8f6-cca5-4749-ba59-9dddefc6056b]
2022-05-31 23:55:07.193  WARN 2522 --- [o-auto-1-exec-8] .w.s.m.s.DefaultHandlerExceptionResolver : Resolved [org.springframework.web.bind.MethodArgumentNotValidException: Validation failed for argument [0] in public com.mindex.challenge.data.Compensation com.mindex.challenge.controller.CompensationController.create(com.mindex.challenge.data.Compensation) throws com.mindex.challenge.exceptions.EmployeeException,com.mindex.challenge.exceptions.CompensationException: [Field error in object 'compensation' on field 'employee': rejected value [null]; codes [NotNull.compensation.employee,NotNull.employee,NotNull.com.mindex.challenge.data.Employee,NotNull]; arguments [org.springframework.context.support.DefaultMessageSourceResolvable: codes [compensation.employee,employee]; arguments []; default message [employee]]; default message [Employee is a mandatory field]] ]
2022-05-31 23:55:07.202  WARN 2522 --- [o-auto-1-exec-9] .w.s.m.s.DefaultHandlerExceptionResolver : Resolved [org.springframework.web.bind.MethodArgumentNotValidException: Validation failed for argument [0] in public com.mindex.challenge.data.Compensation com.mindex.challenge.controller.CompensationController.create(com.mindex.challenge.data.Compensation) throws com.mindex.challenge.exceptions.EmployeeException,com.mindex.challenge.exceptions.CompensationException with 2 errors: [Field error in object 'compensation' on field 'currencyUnit': rejected value [null]; codes [NotBlank.compensation.currencyUnit,NotBlank.currencyUnit,NotBlank.java.lang.String,NotBlank]; arguments [org.springframework.context.support.DefaultMessageSourceResolvable: codes [compensation.currencyUnit,currencyUnit]; arguments []; default message [currencyUnit]]; default message [Currency unit must not be blank]] [Field error in object 'compensation' on field 'currencyUnit': rejected value [null]; codes [NotNull.compensation.currencyUnit,NotNull.currencyUnit,NotNull.java.lang.String,NotNull]; arguments [org.springframework.context.support.DefaultMessageSourceResolvable: codes [compensation.currencyUnit,currencyUnit]; arguments []; default message [currencyUnit]]; default message [Currency unit is a mandatory field]] ]
2022-05-31 23:55:07.210  WARN 2522 --- [-auto-1-exec-10] .w.s.m.s.DefaultHandlerExceptionResolver : Resolved [org.springframework.web.bind.MethodArgumentNotValidException: Validation failed for argument [0] in public com.mindex.challenge.data.Compensation com.mindex.challenge.controller.CompensationController.create(com.mindex.challenge.data.Compensation) throws com.mindex.challenge.exceptions.EmployeeException,com.mindex.challenge.exceptions.CompensationException: [Field error in object 'compensation' on field 'currencyUnit': rejected value []; codes [NotBlank.compensation.currencyUnit,NotBlank.currencyUnit,NotBlank.java.lang.String,NotBlank]; arguments [org.springframework.context.support.DefaultMessageSourceResolvable: codes [compensation.currencyUnit,currencyUnit]; arguments []; default message [currencyUnit]]; default message [Currency unit must not be blank]] ]
2022-05-31 23:55:07.219  WARN 2522 --- [o-auto-1-exec-1] .w.s.m.s.DefaultHandlerExceptionResolver : Resolved [org.springframework.web.bind.MethodArgumentNotValidException: Validation failed for argument [0] in public com.mindex.challenge.data.Compensation com.mindex.challenge.controller.CompensationController.create(com.mindex.challenge.data.Compensation) throws com.mindex.challenge.exceptions.EmployeeException,com.mindex.challenge.exceptions.CompensationException: [Field error in object 'compensation' on field 'salary': rejected value [null]; codes [NotNull.compensation.salary,NotNull.salary,NotNull.java.lang.Float,NotNull]; arguments [org.springframework.context.support.DefaultMessageSourceResolvable: codes [compensation.salary,salary]; arguments []; default message [salary]]; default message [Salary is a mandatory field]] ]
2022-05-31 23:55:07.225 DEBUG 2522 --- [o-auto-1-exec-2] c.m.c.controller.EmployeeController      : Received employee create request for [com.mindex.challenge.data.Employee@1a694132]
2022-05-31 23:55:07.225 DEBUG 2522 --- [o-auto-1-exec-2] c.m.c.service.impl.EmployeeServiceImpl   : Creating employee [com.mindex.challenge.data.Employee@1a694132]
2022-05-31 23:55:07.230 DEBUG 2522 --- [o-auto-1-exec-3] c.m.c.controller.EmployeeController      : Received employee create request for id [d01f8fd5-6ce1-4970-9b0b-1d2cb3b865b9]
2022-05-31 23:55:07.230 DEBUG 2522 --- [o-auto-1-exec-3] c.m.c.service.impl.EmployeeServiceImpl   : Reading employee with id [d01f8fd5-6ce1-4970-9b0b-1d2cb3b865b9]
2022-05-31 23:55:07.236 DEBUG 2522 --- [o-auto-1-exec-4] c.m.c.controller.EmployeeController      : Received employee create request for id [d01f8fd5-6ce1-4970-9b0b-1d2cb3b865b9] and employee [com.mindex.challenge.data.Employee@45dfebba]
2022-05-31 23:55:07.236 DEBUG 2522 --- [o-auto-1-exec-4] c.m.c.service.impl.EmployeeServiceImpl   : Updating employee [com.mindex.challenge.data.Employee@45dfebba]
]]></system-out>
  <system-err><![CDATA[]]></system-err>
</testsuite>
