<?xml version="1.0" encoding="UTF-8"?>
<testsuite name="com.mindex.challenge.service.impl.ReportingStructureServiceImplTest" tests="8" skipped="0" failures="0" errors="0" timestamp="2022-06-01T05:15:31" hostname="esmacmini2019.lan" time="0.027">
  <properties/>
  <testcase name="testGetReportingStructure_incompleteHierarchy" classname="com.mindex.challenge.service.impl.ReportingStructureServiceImplTest" time="0.003"/>
  <testcase name="testGetReportingStructure_twoLevelsOfReports" classname="com.mindex.challenge.service.impl.ReportingStructureServiceImplTest" time="0.003"/>
  <testcase name="testGetReportingStructure_withCycle" classname="com.mindex.challenge.service.impl.ReportingStructureServiceImplTest" time="0.003"/>
  <testcase name="testGetReportingStructure_badString" classname="com.mindex.challenge.service.impl.ReportingStructureServiceImplTest" time="0.002"/>
  <testcase name="testGetReportingStructure_noReports" classname="com.mindex.challenge.service.impl.ReportingStructureServiceImplTest" time="0.002"/>
  <testcase name="testGetReportingStructure_emptyString" classname="com.mindex.challenge.service.impl.ReportingStructureServiceImplTest" time="0.002"/>
  <testcase name="testGetReportingStructure_null" classname="com.mindex.challenge.service.impl.ReportingStructureServiceImplTest" time="0.003"/>
  <testcase name="testGetReportingStructure_oneLevelOfReports" classname="com.mindex.challenge.service.impl.ReportingStructureServiceImplTest" time="0.003"/>
  <system-out><![CDATA[2022-06-01 01:15:31.665  INFO 3331 --- [    Test worker] .b.t.c.SpringBootTestContextBootstrapper : Neither @ContextConfiguration nor @ContextHierarchy found for test class [com.mindex.challenge.service.impl.ReportingStructureServiceImplTest], using SpringBootContextLoader
2022-06-01 01:15:31.666  INFO 3331 --- [    Test worker] o.s.t.c.support.AbstractContextLoader    : Could not detect default resource locations for test class [com.mindex.challenge.service.impl.ReportingStructureServiceImplTest]: no resource found for suffixes {-context.xml, Context.groovy}.
2022-06-01 01:15:31.666  INFO 3331 --- [    Test worker] t.c.s.AnnotationConfigContextLoaderUtils : Could not detect default configuration classes for test class [com.mindex.challenge.service.impl.ReportingStructureServiceImplTest]: ReportingStructureServiceImplTest does not declare any static, non-private, non-final, nested classes annotated with @Configuration.
2022-06-01 01:15:31.671  INFO 3331 --- [    Test worker] .b.t.c.SpringBootTestContextBootstrapper : Found @SpringBootConfiguration com.mindex.challenge.ChallengeApplication for test class com.mindex.challenge.service.impl.ReportingStructureServiceImplTest
2022-06-01 01:15:31.672  INFO 3331 --- [    Test worker] .b.t.c.SpringBootTestContextBootstrapper : Loaded default TestExecutionListener class names from location [META-INF/spring.factories]: [org.springframework.boot.test.autoconfigure.restdocs.RestDocsTestExecutionListener, org.springframework.boot.test.autoconfigure.web.client.MockRestServiceServerResetTestExecutionListener, org.springframework.boot.test.autoconfigure.web.servlet.MockMvcPrintOnlyOnFailureTestExecutionListener, org.springframework.boot.test.autoconfigure.web.servlet.WebDriverTestExecutionListener, org.springframework.boot.test.mock.mockito.MockitoTestExecutionListener, org.springframework.boot.test.mock.mockito.ResetMocksTestExecutionListener, org.springframework.test.context.web.ServletTestExecutionListener, org.springframework.test.context.support.DirtiesContextBeforeModesTestExecutionListener, org.springframework.test.context.support.DependencyInjectionTestExecutionListener, org.springframework.test.context.support.DirtiesContextTestExecutionListener, org.springframework.test.context.transaction.TransactionalTestExecutionListener, org.springframework.test.context.jdbc.SqlScriptsTestExecutionListener, org.springframework.test.context.event.EventPublishingTestExecutionListener]
2022-06-01 01:15:31.672  INFO 3331 --- [    Test worker] .b.t.c.SpringBootTestContextBootstrapper : Using TestExecutionListeners: [org.springframework.test.context.web.ServletTestExecutionListener@25c7e16e, org.springframework.test.context.support.DirtiesContextBeforeModesTestExecutionListener@5cfcedc5, org.springframework.boot.test.mock.mockito.MockitoTestExecutionListener@6ebbfb19, org.springframework.boot.test.autoconfigure.SpringBootDependencyInjectionTestExecutionListener@eb5c6ad, org.springframework.test.context.support.DirtiesContextTestExecutionListener@14638a84, org.springframework.test.context.transaction.TransactionalTestExecutionListener@2f4acf08, org.springframework.test.context.jdbc.SqlScriptsTestExecutionListener@1e989acb, org.springframework.test.context.event.EventPublishingTestExecutionListener@3e38a71b, org.springframework.boot.test.autoconfigure.restdocs.RestDocsTestExecutionListener@36872df2, org.springframework.boot.test.autoconfigure.web.client.MockRestServiceServerResetTestExecutionListener@4fcc96a5, org.springframework.boot.test.autoconfigure.web.servlet.MockMvcPrintOnlyOnFailureTestExecutionListener@15d81355, org.springframework.boot.test.autoconfigure.web.servlet.WebDriverTestExecutionListener@6ea36e8a, org.springframework.boot.test.mock.mockito.ResetMocksTestExecutionListener@61443611]
2022-06-01 01:15:31.686 DEBUG 3331 --- [    Test worker] c.m.c.s.i.ReportingStructureServiceImpl  : Getting reporting structure for employee [1]
2022-06-01 01:15:31.689 DEBUG 3331 --- [    Test worker] c.m.c.s.i.ReportingStructureServiceImpl  : Getting reporting structure for employee [1]
2022-06-01 01:15:31.693 DEBUG 3331 --- [    Test worker] c.m.c.s.i.ReportingStructureServiceImpl  : Getting reporting structure for employee [1]
2022-06-01 01:15:31.697 DEBUG 3331 --- [    Test worker] c.m.c.s.i.ReportingStructureServiceImpl  : Getting reporting structure for employee [abcd]
2022-06-01 01:15:31.700 DEBUG 3331 --- [    Test worker] c.m.c.s.i.ReportingStructureServiceImpl  : Getting reporting structure for employee [4]
2022-06-01 01:15:31.703 DEBUG 3331 --- [    Test worker] c.m.c.s.i.ReportingStructureServiceImpl  : Getting reporting structure for employee []
2022-06-01 01:15:31.707 DEBUG 3331 --- [    Test worker] c.m.c.s.i.ReportingStructureServiceImpl  : Getting reporting structure for employee [null]
2022-06-01 01:15:31.709 DEBUG 3331 --- [    Test worker] c.m.c.s.i.ReportingStructureServiceImpl  : Getting reporting structure for employee [3]
]]></system-out>
  <system-err><![CDATA[]]></system-err>
</testsuite>
