<?xml version="1.0" encoding="UTF-8"?>
<testsuite name="com.mindex.challenge.service.impl.EmployeeServiceImplTest2" tests="3" skipped="0" failures="0" errors="0" timestamp="2022-06-01T03:55:08" hostname="esmacmini2019.lan" time="0.008">
  <properties/>
  <testcase name="testRead_nullId" classname="com.mindex.challenge.service.impl.EmployeeServiceImplTest2" time="0.002"/>
  <testcase name="testRead_badId" classname="com.mindex.challenge.service.impl.EmployeeServiceImplTest2" time="0.002"/>
  <testcase name="testRead_emptyStringId" classname="com.mindex.challenge.service.impl.EmployeeServiceImplTest2" time="0.002"/>
  <system-out><![CDATA[2022-05-31 23:55:08.058  INFO 2522 --- [    Test worker] .b.t.c.SpringBootTestContextBootstrapper : Neither @ContextConfiguration nor @ContextHierarchy found for test class [com.mindex.challenge.service.impl.EmployeeServiceImplTest2], using SpringBootContextLoader
2022-05-31 23:55:08.059  INFO 2522 --- [    Test worker] o.s.t.c.support.AbstractContextLoader    : Could not detect default resource locations for test class [com.mindex.challenge.service.impl.EmployeeServiceImplTest2]: no resource found for suffixes {-context.xml, Context.groovy}.
2022-05-31 23:55:08.059  INFO 2522 --- [    Test worker] t.c.s.AnnotationConfigContextLoaderUtils : Could not detect default configuration classes for test class [com.mindex.challenge.service.impl.EmployeeServiceImplTest2]: EmployeeServiceImplTest2 does not declare any static, non-private, non-final, nested classes annotated with @Configuration.
2022-05-31 23:55:08.060  INFO 2522 --- [    Test worker] .b.t.c.SpringBootTestContextBootstrapper : Found @SpringBootConfiguration com.mindex.challenge.ChallengeApplication for test class com.mindex.challenge.service.impl.EmployeeServiceImplTest2
2022-05-31 23:55:08.060  INFO 2522 --- [    Test worker] .b.t.c.SpringBootTestContextBootstrapper : Loaded default TestExecutionListener class names from location [META-INF/spring.factories]: [org.springframework.boot.test.autoconfigure.restdocs.RestDocsTestExecutionListener, org.springframework.boot.test.autoconfigure.web.client.MockRestServiceServerResetTestExecutionListener, org.springframework.boot.test.autoconfigure.web.servlet.MockMvcPrintOnlyOnFailureTestExecutionListener, org.springframework.boot.test.autoconfigure.web.servlet.WebDriverTestExecutionListener, org.springframework.boot.test.mock.mockito.MockitoTestExecutionListener, org.springframework.boot.test.mock.mockito.ResetMocksTestExecutionListener, org.springframework.test.context.web.ServletTestExecutionListener, org.springframework.test.context.support.DirtiesContextBeforeModesTestExecutionListener, org.springframework.test.context.support.DependencyInjectionTestExecutionListener, org.springframework.test.context.support.DirtiesContextTestExecutionListener, org.springframework.test.context.transaction.TransactionalTestExecutionListener, org.springframework.test.context.jdbc.SqlScriptsTestExecutionListener, org.springframework.test.context.event.EventPublishingTestExecutionListener]
2022-05-31 23:55:08.061  INFO 2522 --- [    Test worker] .b.t.c.SpringBootTestContextBootstrapper : Using TestExecutionListeners: [org.springframework.test.context.web.ServletTestExecutionListener@639e024b, org.springframework.test.context.support.DirtiesContextBeforeModesTestExecutionListener@52768b64, org.springframework.boot.test.mock.mockito.MockitoTestExecutionListener@a28067, org.springframework.boot.test.autoconfigure.SpringBootDependencyInjectionTestExecutionListener@c77cdfc, org.springframework.test.context.support.DirtiesContextTestExecutionListener@1f680a63, org.springframework.test.context.transaction.TransactionalTestExecutionListener@79238f41, org.springframework.test.context.jdbc.SqlScriptsTestExecutionListener@6d9699ba, org.springframework.test.context.event.EventPublishingTestExecutionListener@5fbca1d9, org.springframework.boot.test.autoconfigure.restdocs.RestDocsTestExecutionListener@d8835f, org.springframework.boot.test.autoconfigure.web.client.MockRestServiceServerResetTestExecutionListener@65e45d82, org.springframework.boot.test.autoconfigure.web.servlet.MockMvcPrintOnlyOnFailureTestExecutionListener@3c6643cd, org.springframework.boot.test.autoconfigure.web.servlet.WebDriverTestExecutionListener@66e8ff1, org.springframework.boot.test.mock.mockito.ResetMocksTestExecutionListener@42683618]
2022-05-31 23:55:08.101 DEBUG 2522 --- [    Test worker] c.m.c.service.impl.EmployeeServiceImpl   : Reading employee with id [null]
2022-05-31 23:55:08.103 DEBUG 2522 --- [    Test worker] c.m.c.service.impl.EmployeeServiceImpl   : Reading employee with id [1234]
2022-05-31 23:55:08.107 DEBUG 2522 --- [    Test worker] c.m.c.service.impl.EmployeeServiceImpl   : Reading employee with id []
]]></system-out>
  <system-err><![CDATA[]]></system-err>
</testsuite>
