<?xml version="1.0" encoding="UTF-8"?>
<testsuite name="com.mindex.challenge.controller.ReportingStructureControllerTest" tests="2" skipped="0" failures="0" errors="0" timestamp="2022-06-01T03:55:07" hostname="esmacmini2019.lan" time="0.061">
  <properties/>
  <testcase name="testRead_noRequestParam" classname="com.mindex.challenge.controller.ReportingStructureControllerTest" time="0.041"/>
  <testcase name="testRead" classname="com.mindex.challenge.controller.ReportingStructureControllerTest" time="0.019"/>
  <system-out><![CDATA[2022-05-31 23:55:07.242  INFO 2522 --- [    Test worker] .b.t.c.SpringBootTestContextBootstrapper : Neither @ContextConfiguration nor @ContextHierarchy found for test class [com.mindex.challenge.controller.ReportingStructureControllerTest], using SpringBootContextLoader
2022-05-31 23:55:07.243  INFO 2522 --- [    Test worker] o.s.t.c.support.AbstractContextLoader    : Could not detect default resource locations for test class [com.mindex.challenge.controller.ReportingStructureControllerTest]: no resource found for suffixes {-context.xml, Context.groovy}.
2022-05-31 23:55:07.243  INFO 2522 --- [    Test worker] t.c.s.AnnotationConfigContextLoaderUtils : Could not detect default configuration classes for test class [com.mindex.challenge.controller.ReportingStructureControllerTest]: ReportingStructureControllerTest does not declare any static, non-private, non-final, nested classes annotated with @Configuration.
2022-05-31 23:55:07.253  INFO 2522 --- [    Test worker] .b.t.c.SpringBootTestContextBootstrapper : Found @SpringBootConfiguration com.mindex.challenge.ChallengeApplication for test class com.mindex.challenge.controller.ReportingStructureControllerTest
2022-05-31 23:55:07.254  INFO 2522 --- [    Test worker] .b.t.c.SpringBootTestContextBootstrapper : Loaded default TestExecutionListener class names from location [META-INF/spring.factories]: [org.springframework.boot.test.autoconfigure.restdocs.RestDocsTestExecutionListener, org.springframework.boot.test.autoconfigure.web.client.MockRestServiceServerResetTestExecutionListener, org.springframework.boot.test.autoconfigure.web.servlet.MockMvcPrintOnlyOnFailureTestExecutionListener, org.springframework.boot.test.autoconfigure.web.servlet.WebDriverTestExecutionListener, org.springframework.boot.test.mock.mockito.MockitoTestExecutionListener, org.springframework.boot.test.mock.mockito.ResetMocksTestExecutionListener, org.springframework.test.context.web.ServletTestExecutionListener, org.springframework.test.context.support.DirtiesContextBeforeModesTestExecutionListener, org.springframework.test.context.support.DependencyInjectionTestExecutionListener, org.springframework.test.context.support.DirtiesContextTestExecutionListener, org.springframework.test.context.transaction.TransactionalTestExecutionListener, org.springframework.test.context.jdbc.SqlScriptsTestExecutionListener, org.springframework.test.context.event.EventPublishingTestExecutionListener]
2022-05-31 23:55:07.254  INFO 2522 --- [    Test worker] .b.t.c.SpringBootTestContextBootstrapper : Using TestExecutionListeners: [org.springframework.test.context.web.ServletTestExecutionListener@6ced538c, org.springframework.test.context.support.DirtiesContextBeforeModesTestExecutionListener@609ed7f0, org.springframework.boot.test.mock.mockito.MockitoTestExecutionListener@1762c2a5, org.springframework.boot.test.autoconfigure.SpringBootDependencyInjectionTestExecutionListener@3b435e5b, org.springframework.test.context.support.DirtiesContextTestExecutionListener@3d340b8c, org.springframework.test.context.transaction.TransactionalTestExecutionListener@2b836a8d, org.springframework.test.context.jdbc.SqlScriptsTestExecutionListener@2a75f2b2, org.springframework.test.context.event.EventPublishingTestExecutionListener@b65d021, org.springframework.boot.test.autoconfigure.restdocs.RestDocsTestExecutionListener@1610d2aa, org.springframework.boot.test.autoconfigure.web.client.MockRestServiceServerResetTestExecutionListener@26f705e7, org.springframework.boot.test.autoconfigure.web.servlet.MockMvcPrintOnlyOnFailureTestExecutionListener@231283e9, org.springframework.boot.test.autoconfigure.web.servlet.WebDriverTestExecutionListener@6d3bb72, org.springframework.boot.test.mock.mockito.ResetMocksTestExecutionListener@16c6bc80]
2022-05-31 23:55:07.287  INFO 2522 --- [    Test worker] o.s.mock.web.MockServletContext          : Initializing Spring TestDispatcherServlet ''
2022-05-31 23:55:07.287  INFO 2522 --- [    Test worker] o.s.t.web.servlet.TestDispatcherServlet  : Initializing Servlet ''
2022-05-31 23:55:07.288  INFO 2522 --- [    Test worker] o.s.t.web.servlet.TestDispatcherServlet  : Completed initialization in 1 ms
2022-05-31 23:55:07.302  WARN 2522 --- [    Test worker] o.s.web.servlet.PageNotFound             : No mapping for GET /reportingStructure
2022-05-31 23:55:07.318  INFO 2522 --- [    Test worker] o.s.mock.web.MockServletContext          : Initializing Spring TestDispatcherServlet ''
2022-05-31 23:55:07.318  INFO 2522 --- [    Test worker] o.s.t.web.servlet.TestDispatcherServlet  : Initializing Servlet ''
2022-05-31 23:55:07.318  INFO 2522 --- [    Test worker] o.s.t.web.servlet.TestDispatcherServlet  : Completed initialization in 0 ms
2022-05-31 23:55:07.320 DEBUG 2522 --- [    Test worker] c.m.c.c.ReportingStructureController     : Received reporting structure request for [1]
]]></system-out>
  <system-err><![CDATA[]]></system-err>
</testsuite>
